------------ Options -------------
anormly_ratio: 4.0
batch_size: 1024
d_ff: 512
d_model: 512
data_path: ./dataset/SWaT
dataset: SWaT
dynamic_graph: True
e_layers: 3
fusion_method: weighted
gnn_heads: 4
gnn_hidden: 256
gnn_layers: 2
gnn_type: gatv2
input_c: 38
k: 3
k_neighbors: 5
lr: 0.0001
mode: train
model_save_path: ./checkpoints
model_type: advanced_transgnn
n_heads: 8
num_epochs: 10
output_c: 38
pretrained_model: None
residual: True
win_size: 100
-------------- End ----------------
训练数据特征数量: 51
测试数据特征数量: 50
已填充测试数据至 51 个特征
test: (495000, 51)
train: (495000, 51)
训练数据特征数量: 51
测试数据特征数量: 50
已填充测试数据至 51 个特征
test: (495000, 51)
train: (495000, 51)
训练数据特征数量: 51
测试数据特征数量: 50
已填充测试数据至 51 个特征
test: (495000, 51)
train: (495000, 51)
训练数据特征数量: 51
测试数据特征数量: 50
已填充测试数据至 51 个特征
test: (495000, 51)
train: (495000, 51)
Traceback (most recent call last):
  File "main.py", line 89, in <module>
    main(config)
  File "main.py", line 31, in main
    solver = Solver(vars(config))
  File "/root/autodl-tmp/Anomaly-Transformer-main/solver.py", line 85, in __init__
    self.build_model()
  File "/root/autodl-tmp/Anomaly-Transformer-main/solver.py", line 101, in build_model
    self.model = AdvancedAnomalyTransGNN(
NameError: name 'AdvancedAnomalyTransGNN' is not defined
