------------ Options -------------
anormly_ratio: 4.0
batch_size: 16
d_ff: 32
d_model: 32
data_path: ./dataset/SWaT
dataset: SWaT
dynamic_graph: True
e_layers: 1
fusion_method: add
gnn_heads: 1
gnn_hidden: 32
gnn_layers: 1
gnn_type: gatv2
input_c: 51
k: 3
k_neighbors: 2
lr: 0.0001
mode: train
model_save_path: ./checkpoints
model_type: advanced_transgnn
n_heads: 2
num_epochs: 5
output_c: 51
pretrained_model: None
residual: True
win_size: 30
-------------- End ----------------
训练数据特征数量: 51
测试数据特征数量: 50
已填充测试数据至 51 个特征
test: (495000, 51)
train: (495000, 51)
训练数据特征数量: 51
测试数据特征数量: 50
已填充测试数据至 51 个特征
test: (495000, 51)
train: (495000, 51)
训练数据特征数量: 51
测试数据特征数量: 50
已填充测试数据至 51 个特征
test: (495000, 51)
train: (495000, 51)
训练数据特征数量: 51
测试数据特征数量: 50
已填充测试数据至 51 个特征
test: (495000, 51)
train: (495000, 51)
AdvancedAnomalyGNN初始化 - in_channels: 51, hidden_channels: 32, out_channels: 51
GATv2Layer初始化 - in_channels: 51, out_channels: 51, heads: 1
Traceback (most recent call last):
  File "main.py", line 89, in <module>
    main(config)
  File "main.py", line 31, in main
    solver = Solver(vars(config))
  File "/root/autodl-tmp/Anomaly-Transformer-main/solver.py", line 102, in __init__
    self.build_model()
  File "/root/autodl-tmp/Anomaly-Transformer-main/solver.py", line 180, in build_model
    self.model.cuda()
  File "/root/miniconda3/lib/python3.8/site-packages/torch/nn/modules/module.py", line 680, in cuda
    return self._apply(lambda t: t.cuda(device))
  File "/root/miniconda3/lib/python3.8/site-packages/torch/nn/modules/module.py", line 570, in _apply
    module._apply(fn)
  File "/root/miniconda3/lib/python3.8/site-packages/torch/nn/modules/module.py", line 570, in _apply
    module._apply(fn)
  File "/root/miniconda3/lib/python3.8/site-packages/torch/nn/modules/module.py", line 570, in _apply
    module._apply(fn)
  [Previous line repeated 1 more time]
  File "/root/miniconda3/lib/python3.8/site-packages/torch/nn/modules/module.py", line 593, in _apply
    param_applied = fn(param)
  File "/root/miniconda3/lib/python3.8/site-packages/torch/nn/modules/module.py", line 680, in <lambda>
    return self._apply(lambda t: t.cuda(device))
  File "/root/miniconda3/lib/python3.8/site-packages/torch/cuda/__init__.py", line 214, in _lazy_init
    torch._C._cuda_init()
RuntimeError: Unrecognized CachingAllocator option: garbage_collection_threshold
