------------ Options -------------
anormly_ratio: 4.0
batch_size: 16
d_ff: 32
d_model: 32
data_path: ./dataset/SWaT
dataset: SWaT
dynamic_graph: True
e_layers: 1
fusion_method: add
gnn_heads: 1
gnn_hidden: 32
gnn_layers: 1
gnn_type: gatv2
input_c: 51
k: 3
k_neighbors: 2
lr: 0.0001
mode: train
model_save_path: ./checkpoints
model_type: advanced_transgnn
n_heads: 2
no_time_limit: False
num_epochs: 5
output_c: 51
pretrained_model: None
residual: True
win_size: 30
-------------- End ----------------
自动调整batch_size: 16 -> 1024 (GPU内存: 23.59GB可用)
当前GPU利用率: 0.00%，目标提高到60-80%
训练数据特征数量: 51
测试数据特征数量: 50
已填充测试数据至 51 个特征
test: (495000, 51)
train: (495000, 51)
训练数据特征数量: 51
测试数据特征数量: 50
已填充测试数据至 51 个特征
test: (495000, 51)
train: (495000, 51)
训练数据特征数量: 51
测试数据特征数量: 50
已填充测试数据至 51 个特征
test: (495000, 51)
train: (495000, 51)
训练数据特征数量: 51
测试数据特征数量: 50
已填充测试数据至 51 个特征
test: (495000, 51)
train: (495000, 51)
检测到大显存GPU (23.6GB)，自动优化模型参数
已强制启用自动混合精度训练，提高GPU利用率
使用单GPU训练 - RTX 3090
模型总参数量: 3.72M 参数
初始GPU内存分配: 0.03GB
初始GPU内存预留: 0.04GB
已设置GPU内存使用上限为95%
CUDA性能优化设置完成，已针对RTX 3090进行优化
======================TRAIN MODE======================
降低batch_size以解决OOM问题: 1024 -> 256
训练数据特征数量: 51
测试数据特征数量: 50
已填充测试数据至 51 个特征
test: (495000, 51)
train: (495000, 51)
训练数据特征数量: 51
测试数据特征数量: 50
已填充测试数据至 51 个特征
test: (495000, 51)
train: (495000, 51)
训练数据特征数量: 51
测试数据特征数量: 50
已填充测试数据至 51 个特征
test: (495000, 51)
train: (495000, 51)
训练数据特征数量: 51
测试数据特征数量: 50
已填充测试数据至 51 个特征
test: (495000, 51)
train: (495000, 51)
已清空CUDA缓存，准备开始训练

开始第 1/5 轮训练
Epoch 1/5:   0%|          | 0/1934 [00:00<?, ?it/s]Epoch 1/5:   0%|          | 0/1934 [00:04<?, ?it/s, loss=-20.7866, speed=4.04s/iter, memory=0.1GB/23.6GB (1%), gpu_mem=0.1GB]Epoch 1/5:   0%|          | 1/1934 [00:04<2:10:12,  4.04s/it, loss=-20.7866, speed=4.04s/iter, memory=0.1GB/23.6GB (1%), gpu_mem=0.1GB]Epoch 1/5:   0%|          | 1/1934 [00:07<2:10:12,  4.04s/it, loss=-20.8490, speed=3.76s/iter, memory=0.2GB/23.6GB (1%), gpu_mem=0.2GB]Epoch 1/5:   0%|          | 2/1934 [00:07<1:59:32,  3.71s/it, loss=-20.8490, speed=3.76s/iter, memory=0.2GB/23.6GB (1%), gpu_mem=0.2GB]Epoch 1/5:   0%|          | 2/1934 [00:10<1:59:32,  3.71s/it, loss=-21.1157, speed=3.60s/iter, memory=0.2GB/23.6GB (1%), gpu_mem=0.2GB]Epoch 1/5:   0%|          | 3/1934 [00:10<1:52:56,  3.51s/it, loss=-21.1157, speed=3.60s/iter, memory=0.2GB/23.6GB (1%), gpu_mem=0.2GB]Epoch 1/5:   0%|          | 3/1934 [00:13<1:52:56,  3.51s/it, loss=-21.0484, speed=3.49s/iter, memory=0.2GB/23.6GB (1%), gpu_mem=0.2GB]Epoch 1/5:   0%|          | 4/1934 [00:13<1:48:25,  3.37s/it, loss=-21.0484, speed=3.49s/iter, memory=0.2GB/23.6GB (1%), gpu_mem=0.2GB]Epoch 1/5:   0%|          | 4/1934 [00:17<1:48:25,  3.37s/it, loss=-21.0483, speed=3.43s/iter, memory=0.2GB/23.6GB (1%), gpu_mem=0.2GB]Epoch 1/5:   0%|          | 5/1934 [00:17<1:46:28,  3.31s/it, loss=-21.0483, speed=3.43s/iter, memory=0.2GB/23.6GB (1%), gpu_mem=0.2GB]Epoch 1/5:   0%|          | 5/1934 [00:20<1:46:28,  3.31s/it, loss=-21.8483, speed=3.39s/iter, memory=0.2GB/23.6GB (1%), gpu_mem=0.2GB]Epoch 1/5:   0%|          | 6/1934 [00:20<1:45:04,  3.27s/it, loss=-21.8483, speed=3.39s/iter, memory=0.2GB/23.6GB (1%), gpu_mem=0.2GB]Epoch 1/5:   0%|          | 6/1934 [00:23<1:45:04,  3.27s/it, loss=-21.2394, speed=3.37s/iter, memory=0.2GB/23.6GB (1%), gpu_mem=0.2GB]Epoch 1/5:   0%|          | 7/1934 [00:23<1:45:05,  3.27s/it, loss=-21.2394, speed=3.37s/iter, memory=0.2GB/23.6GB (1%), gpu_mem=0.2GB]